android/app/build/intermediates/manifest_merge_blame_file/release/manifest-merger-blame-release-report.txt
1<?xml version="1.0" encoding="utf-8"?>
2<manifest xmlns:android="http://schemas.android.com/apk/res/android"
3    package="com.ninasoft.vipbillionaires"
4    android:versionCode="1"
5    android:versionName="1.0" >
6
7    <uses-sdk
8        android:minSdkVersion="21"
8-->src\main\AndroidManifest.xml
9        android:targetSdkVersion="31" />
9-->src\main\AndroidManifest.xml
10
11    <uses-permission android:name="android.permission.INTERNET" />
11-->src\main\AndroidManifest.xml:4:3-64
11-->src\main\AndroidManifest.xml:4:20-62
12    <uses-permission android:name="android.permission.CAMERA" />
12-->src\main\AndroidManifest.xml:5:3-62
12-->src\main\AndroidManifest.xml:5:20-60
13    <uses-permission android:name="android.permission.READ_EXTERNAL_STORAGE" />
13-->src\main\AndroidManifest.xml:6:3-77
13-->src\main\AndroidManifest.xml:6:20-75
14    <uses-permission android:name="android.permission.WRITE_EXTERNAL_STORAGE" />
14-->src\main\AndroidManifest.xml:7:3-78
14-->src\main\AndroidManifest.xml:7:20-76
15
16    <uses-feature
16-->src\main\AndroidManifest.xml:8:3-82
17        android:name="android.hardware.camera"
17-->src\main\AndroidManifest.xml:8:17-55
18        android:required="false" />
18-->src\main\AndroidManifest.xml:8:56-80
19    <uses-feature
19-->src\main\AndroidManifest.xml:9:3-88
20        android:name="android.hardware.camera.front"
20-->src\main\AndroidManifest.xml:9:17-61
21        android:required="false" />
21-->src\main\AndroidManifest.xml:9:62-86
22
23    <queries>
23-->src\main\AndroidManifest.xml:52:3-57:15
24        <intent>
24-->src\main\AndroidManifest.xml:53:9-56:18
25            <action android:name="android.intent.action.VIEW" />
25-->src\main\AndroidManifest.xml:32:9-60
25-->src\main\AndroidManifest.xml:32:17-58
26
27            <data android:scheme="https" />
27-->src\main\AndroidManifest.xml:35:9-37:37
27-->src\main\AndroidManifest.xml:37:13-35
28        </intent>
29        <intent>
29-->[:react-native-image-crop-picker] AndroidManifest.xml:10:9-12:18
30            <action android:name="android.media.action.IMAGE_CAPTURE" />
30-->[:react-native-image-crop-picker] AndroidManifest.xml:11:13-73
30-->[:react-native-image-crop-picker] AndroidManifest.xml:11:21-70
31        </intent>
32    </queries>
33
34    <uses-permission android:name="android.permission.ACCESS_NETWORK_STATE" />
34-->[:react-native-community_netinfo] AndroidManifest.xml:9:5-79
34-->[:react-native-community_netinfo] AndroidManifest.xml:9:22-76
35    <uses-permission android:name="android.permission.ACCESS_WIFI_STATE" />
35-->[:react-native-community_netinfo] AndroidManifest.xml:10:5-76
35-->[:react-native-community_netinfo] AndroidManifest.xml:10:22-73
36    <uses-permission android:name="android.permission.WAKE_LOCK" /> <!-- Required to access Google Play Licensing -->
36-->[:react-native-firebase_auth] AndroidManifest.xml:10:5-68
36-->[:react-native-firebase_auth] AndroidManifest.xml:10:22-65
37    <uses-permission android:name="com.android.vending.CHECK_LICENSE" />
37-->[:rn-fetch-blob] AndroidManifest.xml:10:5-73
37-->[:rn-fetch-blob] AndroidManifest.xml:10:22-70
38    <uses-permission android:name="android.permission.RECORD_AUDIO" />
38-->[:react-native-audio-record] AndroidManifest.xml:9:5-71
38-->[:react-native-audio-record] AndroidManifest.xml:9:22-68
39    <uses-permission android:name="android.permission.POST_NOTIFICATIONS" /> <!-- Required by older versions of Google Play services to create IID tokens -->
39-->[com.google.firebase:firebase-messaging:23.1.1] AndroidManifest.xml:25:5-77
39-->[com.google.firebase:firebase-messaging:23.1.1] AndroidManifest.xml:25:22-74
40    <uses-permission android:name="com.google.android.c2dm.permission.RECEIVE" />
40-->[com.google.firebase:firebase-messaging:23.1.1] AndroidManifest.xml:28:5-82
40-->[com.google.firebase:firebase-messaging:23.1.1] AndroidManifest.xml:28:22-79
41    <uses-permission android:name="com.google.android.finsky.permission.BIND_GET_INSTALL_REFERRER_SERVICE" /> <!-- for android -->
41-->[com.android.installreferrer:installreferrer:1.1.2] AndroidManifest.xml:9:5-110
41-->[com.android.installreferrer:installreferrer:1.1.2] AndroidManifest.xml:9:22-107
42    <!-- <uses-permission android:name="com.android.launcher.permission.READ_SETTINGS"/> -->
43    <!-- <uses-permission android:name="com.android.launcher.permission.WRITE_SETTINGS"/> -->
44    <!-- <uses-permission android:name="com.android.launcher.permission.INSTALL_SHORTCUT" /> -->
45    <!-- <uses-permission android:name="com.android.launcher.permission.UNINSTALL_SHORTCUT" /> -->
46    <!-- for Samsung -->
47    <uses-permission android:name="com.sec.android.provider.badge.permission.READ" />
47-->[me.leolin:ShortcutBadger:1.1.22] AndroidManifest.xml:19:5-86
47-->[me.leolin:ShortcutBadger:1.1.22] AndroidManifest.xml:19:22-83
48    <uses-permission android:name="com.sec.android.provider.badge.permission.WRITE" /> <!-- for htc -->
48-->[me.leolin:ShortcutBadger:1.1.22] AndroidManifest.xml:20:5-87
48-->[me.leolin:ShortcutBadger:1.1.22] AndroidManifest.xml:20:22-84
49    <uses-permission android:name="com.htc.launcher.permission.READ_SETTINGS" />
49-->[me.leolin:ShortcutBadger:1.1.22] AndroidManifest.xml:23:5-81
49-->[me.leolin:ShortcutBadger:1.1.22] AndroidManifest.xml:23:22-78
50    <uses-permission android:name="com.htc.launcher.permission.UPDATE_SHORTCUT" /> <!-- for sony -->
50-->[me.leolin:ShortcutBadger:1.1.22] AndroidManifest.xml:24:5-83
50-->[me.leolin:ShortcutBadger:1.1.22] AndroidManifest.xml:24:22-80
51    <uses-permission android:name="com.sonyericsson.home.permission.BROADCAST_BADGE" />
51-->[me.leolin:ShortcutBadger:1.1.22] AndroidManifest.xml:27:5-88
51-->[me.leolin:ShortcutBadger:1.1.22] AndroidManifest.xml:27:22-85
52    <uses-permission android:name="com.sonymobile.home.permission.PROVIDER_INSERT_BADGE" /> <!-- for apex -->
52-->[me.leolin:ShortcutBadger:1.1.22] AndroidManifest.xml:28:5-92
52-->[me.leolin:ShortcutBadger:1.1.22] AndroidManifest.xml:28:22-89
53    <uses-permission android:name="com.anddoes.launcher.permission.UPDATE_COUNT" /> <!-- for solid -->
53-->[me.leolin:ShortcutBadger:1.1.22] AndroidManifest.xml:31:5-84
53-->[me.leolin:ShortcutBadger:1.1.22] AndroidManifest.xml:31:22-81
54    <uses-permission android:name="com.majeur.launcher.permission.UPDATE_BADGE" /> <!-- for huawei -->
54-->[me.leolin:ShortcutBadger:1.1.22] AndroidManifest.xml:34:5-83
54-->[me.leolin:ShortcutBadger:1.1.22] AndroidManifest.xml:34:22-80
55    <uses-permission android:name="com.huawei.android.launcher.permission.CHANGE_BADGE" />
55-->[me.leolin:ShortcutBadger:1.1.22] AndroidManifest.xml:37:5-91
55-->[me.leolin:ShortcutBadger:1.1.22] AndroidManifest.xml:37:22-88
56    <uses-permission android:name="com.huawei.android.launcher.permission.READ_SETTINGS" />
56-->[me.leolin:ShortcutBadger:1.1.22] AndroidManifest.xml:38:5-92
56-->[me.leolin:ShortcutBadger:1.1.22] AndroidManifest.xml:38:22-89
57    <uses-permission android:name="com.huawei.android.launcher.permission.WRITE_SETTINGS" /> <!-- for ZUK -->
57-->[me.leolin:ShortcutBadger:1.1.22] AndroidManifest.xml:39:5-93
57-->[me.leolin:ShortcutBadger:1.1.22] AndroidManifest.xml:39:22-90
58    <uses-permission android:name="android.permission.READ_APP_BADGE" /> <!-- for OPPO -->
58-->[me.leolin:ShortcutBadger:1.1.22] AndroidManifest.xml:42:5-73
58-->[me.leolin:ShortcutBadger:1.1.22] AndroidManifest.xml:42:22-70
59    <uses-permission android:name="com.oppo.launcher.permission.READ_SETTINGS" />
59-->[me.leolin:ShortcutBadger:1.1.22] AndroidManifest.xml:45:5-82
59-->[me.leolin:ShortcutBadger:1.1.22] AndroidManifest.xml:45:22-79
60    <uses-permission android:name="com.oppo.launcher.permission.WRITE_SETTINGS" /> <!-- for EvMe -->
60-->[me.leolin:ShortcutBadger:1.1.22] AndroidManifest.xml:46:5-83
60-->[me.leolin:ShortcutBadger:1.1.22] AndroidManifest.xml:46:22-80
61    <uses-permission android:name="me.everything.badger.permission.BADGE_COUNT_READ" />
61-->[me.leolin:ShortcutBadger:1.1.22] AndroidManifest.xml:49:5-88
61-->[me.leolin:ShortcutBadger:1.1.22] AndroidManifest.xml:49:22-85
62    <uses-permission android:name="me.everything.badger.permission.BADGE_COUNT_WRITE" />
62-->[me.leolin:ShortcutBadger:1.1.22] AndroidManifest.xml:50:5-89
62-->[me.leolin:ShortcutBadger:1.1.22] AndroidManifest.xml:50:22-86
63
64    <application
64-->src\main\AndroidManifest.xml:11:3-50:17
65        android:name="com.ninasoft.vipbillionaires.MainApplication"
65-->src\main\AndroidManifest.xml:12:7-66
66        android:allowBackup="false"
66-->src\main\AndroidManifest.xml:16:7-34
67        android:appComponentFactory="androidx.core.app.CoreComponentFactory"
67-->[androidx.core:core:1.7.0] AndroidManifest.xml:24:18-86
68        android:icon="@mipmap/ic_launcher"
68-->src\main\AndroidManifest.xml:14:7-41
69        android:label="@string/app_name"
69-->src\main\AndroidManifest.xml:13:7-39
70        android:requestLegacyExternalStorage="true"
70-->src\main\AndroidManifest.xml:18:7-50
71        android:roundIcon="@mipmap/ic_launcher_round"
71-->src\main\AndroidManifest.xml:15:7-52
72        android:theme="@style/AppTheme"
72-->src\main\AndroidManifest.xml:19:7-38
73        android:usesCleartextTraffic="true" >
73-->src\main\AndroidManifest.xml:17:7-42
74        <meta-data
74-->src\main\AndroidManifest.xml:21:5-22:57
75            android:name="com.facebook.sdk.ApplicationId"
75-->src\main\AndroidManifest.xml:21:16-61
76            android:value="@string/facebook_app_id" />
76-->src\main\AndroidManifest.xml:22:16-55
77
78        <activity
78-->src\main\AndroidManifest.xml:23:5-49:16
79            android:name="com.ninasoft.vipbillionaires.MainActivity"
79-->src\main\AndroidManifest.xml:24:9-65
80            android:configChanges="keyboard|keyboardHidden|orientation|screenLayout|screenSize|smallestScreenSize|uiMode"
80-->src\main\AndroidManifest.xml:26:9-118
81            android:exported="true"
81-->src\main\AndroidManifest.xml:30:9-32
82            android:label="@string/app_name"
82-->src\main\AndroidManifest.xml:25:9-41
83            android:launchMode="singleTask"
83-->src\main\AndroidManifest.xml:27:9-40
84            android:screenOrientation="portrait"
84-->src\main\AndroidManifest.xml:28:9-45
85            android:windowSoftInputMode="adjustResize" >
85-->src\main\AndroidManifest.xml:29:9-51
86            <intent-filter>
86-->src\main\AndroidManifest.xml:31:7-44:23
87                <action android:name="android.intent.action.VIEW" />
87-->src\main\AndroidManifest.xml:32:9-60
87-->src\main\AndroidManifest.xml:32:17-58
88
89                <category android:name="android.intent.category.DEFAULT" />
89-->src\main\AndroidManifest.xml:33:9-67
89-->src\main\AndroidManifest.xml:33:19-65
90                <category android:name="android.intent.category.BROWSABLE" />
90-->src\main\AndroidManifest.xml:34:9-69
90-->src\main\AndroidManifest.xml:34:19-67
91
92                <data
92-->src\main\AndroidManifest.xml:35:9-37:37
93                    android:host="vipbbillionaires.page.link"
93-->src\main\AndroidManifest.xml:36:13-54
94                    android:scheme="https" />
94-->src\main\AndroidManifest.xml:37:13-35
95                <data
95-->src\main\AndroidManifest.xml:35:9-37:37
96                    android:host="vipbbillionaires.page.link"
96-->src\main\AndroidManifest.xml:36:13-54
97                    android:scheme="http" />
97-->src\main\AndroidManifest.xml:37:13-35
98                <data
98-->src\main\AndroidManifest.xml:35:9-37:37
99                    android:host="metamask.app.link"
99-->src\main\AndroidManifest.xml:36:13-54
100                    android:scheme="https" />
100-->src\main\AndroidManifest.xml:37:13-35
101            </intent-filter>
102            <intent-filter>
102-->src\main\AndroidManifest.xml:45:7-48:23
103                <action android:name="android.intent.action.MAIN" />
103-->src\main\AndroidManifest.xml:46:9-60
103-->src\main\AndroidManifest.xml:46:17-58
104
105                <category android:name="android.intent.category.LAUNCHER" />
105-->src\main\AndroidManifest.xml:47:9-68
105-->src\main\AndroidManifest.xml:47:19-66
106            </intent-filter>
107        </activity>
108
109        <service
109-->[:react-native-firebase_messaging] AndroidManifest.xml:14:9-16:40
110            android:name="io.invertase.firebase.messaging.ReactNativeFirebaseMessagingHeadlessService"
110-->[:react-native-firebase_messaging] AndroidManifest.xml:15:13-103
111            android:exported="false" />
111-->[:react-native-firebase_messaging] AndroidManifest.xml:16:13-37
112        <service
112-->[:react-native-firebase_messaging] AndroidManifest.xml:17:9-23:19
113            android:name="io.invertase.firebase.messaging.ReactNativeFirebaseMessagingService"
113-->[:react-native-firebase_messaging] AndroidManifest.xml:18:13-95
114            android:exported="false" >
114-->[:react-native-firebase_messaging] AndroidManifest.xml:19:13-37
115            <intent-filter>
115-->[:react-native-firebase_messaging] AndroidManifest.xml:20:13-22:29
116                <action android:name="com.google.firebase.MESSAGING_EVENT" />
116-->[:react-native-firebase_messaging] AndroidManifest.xml:21:17-78
116-->[:react-native-firebase_messaging] AndroidManifest.xml:21:25-75
117            </intent-filter>
118        </service>
119
120        <receiver
120-->[:react-native-firebase_messaging] AndroidManifest.xml:25:9-32:20
121            android:name="io.invertase.firebase.messaging.ReactNativeFirebaseMessagingReceiver"
121-->[:react-native-firebase_messaging] AndroidManifest.xml:26:13-96
122            android:exported="true"
122-->[:react-native-firebase_messaging] AndroidManifest.xml:27:13-36
123            android:permission="com.google.android.c2dm.permission.SEND" >
123-->[:react-native-firebase_messaging] AndroidManifest.xml:28:13-73
124            <intent-filter>
124-->[:react-native-firebase_messaging] AndroidManifest.xml:29:13-31:29
125                <action android:name="com.google.android.c2dm.intent.RECEIVE" />
125-->[:react-native-firebase_messaging] AndroidManifest.xml:30:17-81
125-->[:react-native-firebase_messaging] AndroidManifest.xml:30:25-78
126            </intent-filter>
127        </receiver>
128
129        <meta-data
129-->[:react-native-firebase_messaging] AndroidManifest.xml:34:9-36:36
130            android:name="firebase_messaging_auto_init_enabled"
130-->[:react-native-firebase_messaging] AndroidManifest.xml:35:13-64
131            android:value="true" />
131-->[:react-native-firebase_messaging] AndroidManifest.xml:36:13-33
132        <meta-data
132-->[:react-native-firebase_messaging] AndroidManifest.xml:37:9-39:32
133            android:name="com.google.firebase.messaging.default_notification_channel_id"
133-->[:react-native-firebase_messaging] AndroidManifest.xml:38:13-89
134            android:value="" />
134-->[:react-native-firebase_messaging] AndroidManifest.xml:39:13-29
135        <meta-data
135-->[:react-native-firebase_messaging] AndroidManifest.xml:40:9-42:47
136            android:name="com.google.firebase.messaging.default_notification_color"
136-->[:react-native-firebase_messaging] AndroidManifest.xml:41:13-84
137            android:resource="@color/white" />
137-->[:react-native-firebase_messaging] AndroidManifest.xml:42:13-44
138        <meta-data
138-->[:react-native-firebase_app] AndroidManifest.xml:11:9-13:36
139            android:name="app_data_collection_default_enabled"
139-->[:react-native-firebase_app] AndroidManifest.xml:12:13-63
140            android:value="true" />
140-->[:react-native-firebase_app] AndroidManifest.xml:13:13-33
141
142        <service
142-->[:react-native-firebase_app] AndroidManifest.xml:15:9-23:19
143            android:name="com.google.firebase.components.ComponentDiscoveryService"
143-->[:react-native-firebase_app] AndroidManifest.xml:16:13-84
144            android:directBootAware="true"
144-->[:react-native-firebase_app] AndroidManifest.xml:17:13-43
145            android:exported="false" >
145-->[:react-native-firebase_app] AndroidManifest.xml:18:13-37
146            <meta-data
146-->[:react-native-firebase_app] AndroidManifest.xml:20:13-22:85
147                android:name="com.google.firebase.components:io.invertase.firebase.app.ReactNativeFirebaseAppRegistrar"
147-->[:react-native-firebase_app] AndroidManifest.xml:21:17-120
148                android:value="com.google.firebase.components.ComponentRegistrar" />
148-->[:react-native-firebase_app] AndroidManifest.xml:22:17-82
149            <meta-data
149-->[com.google.firebase:firebase-firestore:24.4.1] AndroidManifest.xml:19:13-21:85
150                android:name="com.google.firebase.components:com.google.firebase.firestore.FirestoreRegistrar"
150-->[com.google.firebase:firebase-firestore:24.4.1] AndroidManifest.xml:20:17-111
151                android:value="com.google.firebase.components.ComponentRegistrar" />
151-->[com.google.firebase:firebase-firestore:24.4.1] AndroidManifest.xml:21:17-82
152            <meta-data
152-->[com.google.firebase:firebase-messaging:23.1.1] AndroidManifest.xml:55:13-57:85
153                android:name="com.google.firebase.components:com.google.firebase.messaging.FirebaseMessagingRegistrar"
153-->[com.google.firebase:firebase-messaging:23.1.1] AndroidManifest.xml:56:17-119
154                android:value="com.google.firebase.components.ComponentRegistrar" />
154-->[com.google.firebase:firebase-messaging:23.1.1] AndroidManifest.xml:57:17-82
155            <meta-data
155-->[com.google.firebase:firebase-datatransport:18.1.7] AndroidManifest.xml:27:13-29:85
156                android:name="com.google.firebase.components:com.google.firebase.datatransport.TransportRegistrar"
156-->[com.google.firebase:firebase-datatransport:18.1.7] AndroidManifest.xml:28:17-115
157                android:value="com.google.firebase.components.ComponentRegistrar" />
157-->[com.google.firebase:firebase-datatransport:18.1.7] AndroidManifest.xml:29:17-82
158            <meta-data
158-->[com.google.firebase:firebase-auth:21.1.0] AndroidManifest.xml:67:13-69:85
159                android:name="com.google.firebase.components:com.google.firebase.auth.FirebaseAuthRegistrar"
159-->[com.google.firebase:firebase-auth:21.1.0] AndroidManifest.xml:68:17-109
160                android:value="com.google.firebase.components.ComponentRegistrar" />
160-->[com.google.firebase:firebase-auth:21.1.0] AndroidManifest.xml:69:17-82
161            <meta-data
161-->[com.google.firebase:firebase-storage:20.1.0] AndroidManifest.xml:32:13-34:85
162                android:name="com.google.firebase.components:com.google.firebase.storage.StorageRegistrar"
162-->[com.google.firebase:firebase-storage:20.1.0] AndroidManifest.xml:33:17-107
163                android:value="com.google.firebase.components.ComponentRegistrar" />
163-->[com.google.firebase:firebase-storage:20.1.0] AndroidManifest.xml:34:17-82
164            <meta-data
164-->[com.google.firebase:firebase-database:20.1.0] AndroidManifest.xml:31:13-33:85
165                android:name="com.google.firebase.components:com.google.firebase.database.DatabaseRegistrar"
165-->[com.google.firebase:firebase-database:20.1.0] AndroidManifest.xml:32:17-109
166                android:value="com.google.firebase.components.ComponentRegistrar" />
166-->[com.google.firebase:firebase-database:20.1.0] AndroidManifest.xml:33:17-82
167            <meta-data
167-->[com.google.firebase:firebase-installations:17.1.0] AndroidManifest.xml:17:13-19:85
168                android:name="com.google.firebase.components:com.google.firebase.installations.FirebaseInstallationsRegistrar"
168-->[com.google.firebase:firebase-installations:17.1.0] AndroidManifest.xml:18:17-127
169                android:value="com.google.firebase.components.ComponentRegistrar" />
169-->[com.google.firebase:firebase-installations:17.1.0] AndroidManifest.xml:19:17-82
170        </service>
171
172        <provider
172-->[:react-native-firebase_app] AndroidManifest.xml:25:9-29:38
173            android:name="io.invertase.firebase.app.ReactNativeFirebaseAppInitProvider"
173-->[:react-native-firebase_app] AndroidManifest.xml:26:13-88
174            android:authorities="com.ninasoft.vipbillionaires.reactnativefirebaseappinitprovider"
174-->[:react-native-firebase_app] AndroidManifest.xml:27:13-86
175            android:exported="false"
175-->[:react-native-firebase_app] AndroidManifest.xml:28:13-37
176            android:initOrder="99" />
176-->[:react-native-firebase_app] AndroidManifest.xml:29:13-35
177        <provider
177-->[:react-native-image-crop-picker] AndroidManifest.xml:18:9-26:20
178            android:name="com.reactnative.ivpusic.imagepicker.IvpusicImagePickerFileProvider"
178-->[:react-native-image-crop-picker] AndroidManifest.xml:19:13-94
179            android:authorities="com.ninasoft.vipbillionaires.provider"
179-->[:react-native-image-crop-picker] AndroidManifest.xml:20:13-60
180            android:exported="false"
180-->[:react-native-image-crop-picker] AndroidManifest.xml:21:13-37
181            android:grantUriPermissions="true" >
181-->[:react-native-image-crop-picker] AndroidManifest.xml:22:13-47
182            <meta-data
182-->[:react-native-image-crop-picker] AndroidManifest.xml:23:13-25:78
183                android:name="android.support.FILE_PROVIDER_PATHS"
183-->[:react-native-image-crop-picker] AndroidManifest.xml:24:17-67
184                android:resource="@xml/ivpusic_imagepicker_provider_paths" />
184-->[:react-native-image-crop-picker] AndroidManifest.xml:25:17-75
185        </provider>
186
187        <activity
187-->[:react-native-image-crop-picker] AndroidManifest.xml:28:9-30:72
188            android:name="com.yalantis.ucrop.UCropActivity"
188-->[:react-native-image-crop-picker] AndroidManifest.xml:29:13-60
189            android:theme="@style/Theme.AppCompat.Light.NoActionBar" />
189-->[:react-native-image-crop-picker] AndroidManifest.xml:30:13-69
190
191        <provider
191-->[:react-native-image-picker] AndroidManifest.xml:10:9-18:20
192            android:name="com.imagepicker.ImagePickerProvider"
192-->[:react-native-image-picker] AndroidManifest.xml:11:13-63
193            android:authorities="com.ninasoft.vipbillionaires.imagepickerprovider"
193-->[:react-native-image-picker] AndroidManifest.xml:12:13-71
194            android:exported="false"
194-->[:react-native-image-picker] AndroidManifest.xml:13:13-37
195            android:grantUriPermissions="true" >
195-->[:react-native-image-picker] AndroidManifest.xml:14:13-47
196            <meta-data
196-->[:react-native-image-crop-picker] AndroidManifest.xml:23:13-25:78
197                android:name="android.support.FILE_PROVIDER_PATHS"
197-->[:react-native-image-crop-picker] AndroidManifest.xml:24:17-67
198                android:resource="@xml/imagepicker_provider_paths" />
198-->[:react-native-image-crop-picker] AndroidManifest.xml:25:17-75
199        </provider>
200        <provider
200-->[:react-native-webview] AndroidManifest.xml:10:9-18:20
201            android:name="com.reactnativecommunity.webview.RNCWebViewFileProvider"
201-->[:react-native-webview] AndroidManifest.xml:11:13-83
202            android:authorities="com.ninasoft.vipbillionaires.fileprovider"
202-->[:react-native-webview] AndroidManifest.xml:12:13-64
203            android:exported="false"
203-->[:react-native-webview] AndroidManifest.xml:13:13-37
204            android:grantUriPermissions="true" >
204-->[:react-native-webview] AndroidManifest.xml:14:13-47
205            <meta-data
205-->[:react-native-image-crop-picker] AndroidManifest.xml:23:13-25:78
206                android:name="android.support.FILE_PROVIDER_PATHS"
206-->[:react-native-image-crop-picker] AndroidManifest.xml:24:17-67
207                android:resource="@xml/file_provider_paths" />
207-->[:react-native-image-crop-picker] AndroidManifest.xml:25:17-75
208        </provider>
209        <provider
209-->[:rn-fetch-blob] AndroidManifest.xml:34:9-42:20
210            android:name="com.RNFetchBlob.Utils.FileProvider"
210-->[:rn-fetch-blob] AndroidManifest.xml:35:13-62
211            android:authorities="com.ninasoft.vipbillionaires.provider"
211-->[:rn-fetch-blob] AndroidManifest.xml:36:13-60
212            android:exported="false"
212-->[:rn-fetch-blob] AndroidManifest.xml:37:13-37
213            android:grantUriPermissions="true" >
213-->[:rn-fetch-blob] AndroidManifest.xml:38:13-47
214            <meta-data
214-->[:react-native-image-crop-picker] AndroidManifest.xml:23:13-25:78
215                android:name="android.support.FILE_PROVIDER_PATHS"
215-->[:react-native-image-crop-picker] AndroidManifest.xml:24:17-67
216                android:resource="@xml/provider_paths" />
216-->[:react-native-image-crop-picker] AndroidManifest.xml:25:17-75
217        </provider>
218
219        <receiver
219-->[com.google.firebase:firebase-messaging:23.1.1] AndroidManifest.xml:31:9-38:20
220            android:name="com.google.firebase.iid.FirebaseInstanceIdReceiver"
220-->[com.google.firebase:firebase-messaging:23.1.1] AndroidManifest.xml:32:13-78
221            android:exported="true"
221-->[com.google.firebase:firebase-messaging:23.1.1] AndroidManifest.xml:33:13-36
222            android:permission="com.google.android.c2dm.permission.SEND" >
222-->[com.google.firebase:firebase-messaging:23.1.1] AndroidManifest.xml:34:13-73
223            <intent-filter>
223-->[:react-native-firebase_messaging] AndroidManifest.xml:29:13-31:29
224                <action android:name="com.google.android.c2dm.intent.RECEIVE" />
224-->[:react-native-firebase_messaging] AndroidManifest.xml:30:17-81
224-->[:react-native-firebase_messaging] AndroidManifest.xml:30:25-78
225            </intent-filter>
226        </receiver>
227        <!--
228             FirebaseMessagingService performs security checks at runtime,
229             but set to not exported to explicitly avoid allowing another app to call it.
230        -->
231        <service
231-->[com.google.firebase:firebase-messaging:23.1.1] AndroidManifest.xml:44:9-51:19
232            android:name="com.google.firebase.messaging.FirebaseMessagingService"
232-->[com.google.firebase:firebase-messaging:23.1.1] AndroidManifest.xml:45:13-82
233            android:directBootAware="true"
233-->[com.google.firebase:firebase-messaging:23.1.1] AndroidManifest.xml:46:13-43
234            android:exported="false" >
234-->[com.google.firebase:firebase-messaging:23.1.1] AndroidManifest.xml:47:13-37
235            <intent-filter android:priority="-500" >
235-->[:react-native-firebase_messaging] AndroidManifest.xml:20:13-22:29
236                <action android:name="com.google.firebase.MESSAGING_EVENT" />
236-->[:react-native-firebase_messaging] AndroidManifest.xml:21:17-78
236-->[:react-native-firebase_messaging] AndroidManifest.xml:21:25-75
237            </intent-filter>
238        </service>
239        <service
239-->[com.google.android.datatransport:transport-backend-cct:3.1.8] AndroidManifest.xml:28:9-34:19
240            android:name="com.google.android.datatransport.runtime.backends.TransportBackendDiscovery"
240-->[com.google.android.datatransport:transport-backend-cct:3.1.8] AndroidManifest.xml:29:13-103
241            android:exported="false" >
241-->[com.google.android.datatransport:transport-backend-cct:3.1.8] AndroidManifest.xml:30:13-37
242            <meta-data
242-->[com.google.android.datatransport:transport-backend-cct:3.1.8] AndroidManifest.xml:31:13-33:39
243                android:name="backend:com.google.android.datatransport.cct.CctBackendFactory"
243-->[com.google.android.datatransport:transport-backend-cct:3.1.8] AndroidManifest.xml:32:17-94
244                android:value="cct" />
244-->[com.google.android.datatransport:transport-backend-cct:3.1.8] AndroidManifest.xml:33:17-36
245        </service>
246        <service
246-->[com.google.android.datatransport:transport-runtime:3.1.8] AndroidManifest.xml:26:9-30:19
247            android:name="com.google.android.datatransport.runtime.scheduling.jobscheduling.JobInfoSchedulerService"
247-->[com.google.android.datatransport:transport-runtime:3.1.8] AndroidManifest.xml:27:13-117
248            android:exported="false"
248-->[com.google.android.datatransport:transport-runtime:3.1.8] AndroidManifest.xml:28:13-37
249            android:permission="android.permission.BIND_JOB_SERVICE" >
249-->[com.google.android.datatransport:transport-runtime:3.1.8] AndroidManifest.xml:29:13-69
250        </service>
251
252        <receiver
252-->[com.google.android.datatransport:transport-runtime:3.1.8] AndroidManifest.xml:32:9-34:40
253            android:name="com.google.android.datatransport.runtime.scheduling.jobscheduling.AlarmManagerSchedulerBroadcastReceiver"
253-->[com.google.android.datatransport:transport-runtime:3.1.8] AndroidManifest.xml:33:13-132
254            android:exported="false" />
254-->[com.google.android.datatransport:transport-runtime:3.1.8] AndroidManifest.xml:34:13-37
255
256        <activity
256-->[com.google.android.gms:play-services-auth:20.3.0] AndroidManifest.xml:23:9-27:75
257            android:name="com.google.android.gms.auth.api.signin.internal.SignInHubActivity"
257-->[com.google.android.gms:play-services-auth:20.3.0] AndroidManifest.xml:24:13-93
258            android:excludeFromRecents="true"
258-->[com.google.android.gms:play-services-auth:20.3.0] AndroidManifest.xml:25:13-46
259            android:exported="false"
259-->[com.google.android.gms:play-services-auth:20.3.0] AndroidManifest.xml:26:13-37
260            android:theme="@android:style/Theme.Translucent.NoTitleBar" />
260-->[com.google.android.gms:play-services-auth:20.3.0] AndroidManifest.xml:27:13-72
261        <!--
262            Service handling Google Sign-In user revocation. For apps that do not integrate with
263            Google Sign-In, this service will never be started.
264        -->
265        <service